<?xml version="1.0" encoding="UTF-8"?>
<testsuite name="hello.HttpRequestTest" time="0.205" tests="2" errors="0" skipped="0" failures="0">
  <properties>
    <property name="java.runtime.name" value="Java(TM) SE Runtime Environment"/>
    <property name="sun.boot.library.path" value="C:\Program Files (x86)\Java\JDK8\jre\bin"/>
    <property name="java.vm.version" value="25.102-b14"/>
    <property name="java.vm.vendor" value="Oracle Corporation"/>
    <property name="java.vendor.url" value="http://java.oracle.com/"/>
    <property name="path.separator" value=";"/>
    <property name="guice.disable.misplaced.annotation.check" value="true"/>
    <property name="java.vm.name" value="Java HotSpot(TM) Client VM"/>
    <property name="file.encoding.pkg" value="sun.io"/>
    <property name="user.script" value=""/>
    <property name="user.country" value="GB"/>
    <property name="sun.java.launcher" value="SUN_STANDARD"/>
    <property name="sun.os.patch.level" value="Service Pack 1"/>
    <property name="test" value="HttpRequestTest"/>
    <property name="java.vm.specification.name" value="Java Virtual Machine Specification"/>
    <property name="user.dir" value="C:\Users\id809201\dev\hello-testing-web"/>
    <property name="java.runtime.version" value="1.8.0_102-b14"/>
    <property name="java.awt.graphicsenv" value="sun.awt.Win32GraphicsEnvironment"/>
    <property name="java.endorsed.dirs" value="C:\Program Files (x86)\Java\JDK8\jre\lib\endorsed"/>
    <property name="os.arch" value="x86"/>
    <property name="java.io.tmpdir" value="C:\Users\id809201\AppData\Local\Temp\"/>
    <property name="line.separator" value="&#10;"/>
    <property name="java.vm.specification.vendor" value="Oracle Corporation"/>
    <property name="user.variant" value=""/>
    <property name="os.name" value="Windows 7"/>
    <property name="classworlds.conf" value="C:/Program Files (x86)/apache-maven-3.0.5/bin/m2.conf"/>
    <property name="sun.jnu.encoding" value="Cp1252"/>
    <property name="java.library.path" value="C:\Program Files (x86)\Java\JDK8\bin;C:\WINDOWS\Sun\Java\bin;C:\WINDOWS\system32;C:\WINDOWS;H:\bin;C:\Program Files (x86)\SourceTree\Git\mingw32\bin;C:\Program Files (x86)\SourceTree\Git\usr\local\bin;C:\Program Files (x86)\SourceTree\Git\usr\bin;C:\Program Files (x86)\SourceTree\Git\usr\bin;C:\Program Files (x86)\SourceTree\Git\cmd;C:\Program Files (x86)\SourceTree\Git\mingw32\bin;C:\Program Files (x86)\SourceTree\Git\usr\bin;H:\bin;C:\ProgramData\Oracle\Java\javapath;C:\Oracle\ora1120_32\bin;C:\Program Files (x86)\IBM\RationalSDLC\common;C:\Oracle\IC1120;C:\Oracle\IC1120\bin;C:\WINDOWS\system32;C:\WINDOWS;C:\WINDOWS\System32\Wbem;C:\WINDOWS\System32\WindowsPowerShell\v1.0;C:\WINDOWS\System32\WindowsPowerShell\v1.0;C:\Program Files (x86)\IBM\RationalSDLC\ClearCase\bin;C:\Program Files (x86)\IBM\gsk8\lib;C:\Program Files (x86)\IBM\gsk8\bin;C:\Program Files (x86)\Clarify\ClarifyCRM8.1.0.8\ClarifyClient;C:\Program Files\Clarify\ClarifyCRM8.1.0.8\ClarifyClient;C:\WINDOWS\SysWOW64;C:\WINDOWS\SysWOW64\Wbem;C:\WINDOWS\SysWOW64\WindowsPowerShell\v1.0;C:\Program Files (x86)\Clarify\ClarifyCRM8.1.0.8\ClarifyClient;C:\Program Files\TortoiseGit\bin;C:\WINDOWS\BGC_RUN;C:\Program Files (x86)\Java\JDK8\bin;C:\Data\ggts-bundle-3.6.4\grails-2.4.4\bin;C:\Users\id809201\apache-ant-1.9.7\bin;C:\Oracle\IC1120\fb\AmdocsCRM8.1\Server\dbadmin;C:\Oracle\IC1120\fb\AmdocsCRM8.1\UIEditor;C:\Oracle\IC1120\fb\AmdocsCRM8.1\CBToolKit;C:\Program Files (x86)\apache-maven-3.0.5\bin;C:\Program Files (x86)\SourceTree\Git;C:\Program Files (x86)\SourceTree\Git\usr\bin;C:\Users\id809201\dev\spring-boot-cli-1.4.0.RELEASE-bin\spring-1.4.0.RELEASE\bin;C:\Program Files (x86)\SourceTree\Git\usr\bin\vendor_perl;C:\Program Files (x86)\SourceTree\Git\usr\bin\core_perl;."/>
    <property name="java.specification.name" value="Java Platform API Specification"/>
    <property name="java.class.version" value="52.0"/>
    <property name="sun.management.compiler" value="HotSpot Client Compiler"/>
    <property name="os.version" value="6.1"/>
    <property name="user.home" value="C:\Users\id809201"/>
    <property name="user.timezone" value="Europe/Paris"/>
    <property name="java.awt.printerjob" value="sun.awt.windows.WPrinterJob"/>
    <property name="java.specification.version" value="1.8"/>
    <property name="file.encoding" value="Cp1252"/>
    <property name="user.name" value="id809201"/>
    <property name="java.class.path" value="C:/Program Files (x86)/apache-maven-3.0.5/boot/plexus-classworlds-2.4.jar"/>
    <property name="java.vm.specification.version" value="1.8"/>
    <property name="sun.arch.data.model" value="32"/>
    <property name="java.home" value="C:\Program Files (x86)\Java\JDK8\jre"/>
    <property name="sun.java.command" value="org.codehaus.plexus.classworlds.launcher.Launcher test -Dtest=HttpRequestTest"/>
    <property name="java.specification.vendor" value="Oracle Corporation"/>
    <property name="user.language" value="en"/>
    <property name="awt.toolkit" value="sun.awt.windows.WToolkit"/>
    <property name="java.vm.info" value="mixed mode"/>
    <property name="java.version" value="1.8.0_102"/>
    <property name="java.ext.dirs" value="C:\Program Files (x86)\Java\JDK8\jre\lib\ext;C:\WINDOWS\Sun\Java\lib\ext"/>
    <property name="sun.boot.class.path" value="C:\Program Files (x86)\Java\JDK8\jre\lib\resources.jar;C:\Program Files (x86)\Java\JDK8\jre\lib\rt.jar;C:\Program Files (x86)\Java\JDK8\jre\lib\sunrsasign.jar;C:\Program Files (x86)\Java\JDK8\jre\lib\jsse.jar;C:\Program Files (x86)\Java\JDK8\jre\lib\jce.jar;C:\Program Files (x86)\Java\JDK8\jre\lib\charsets.jar;C:\Program Files (x86)\Java\JDK8\jre\lib\jfr.jar;C:\Program Files (x86)\Java\JDK8\jre\classes"/>
    <property name="java.vendor" value="Oracle Corporation"/>
    <property name="maven.home" value="C:\Program Files (x86)\apache-maven-3.0.5"/>
    <property name="file.separator" value="\"/>
    <property name="java.vendor.url.bug" value="http://bugreport.sun.com/bugreport/"/>
    <property name="sun.cpu.endian" value="little"/>
    <property name="sun.io.unicode.encoding" value="UnicodeLittle"/>
    <property name="sun.desktop" value="windows"/>
    <property name="sun.cpu.isalist" value="pentium_pro+mmx pentium_pro pentium+mmx pentium i486 i386 i86"/>
  </properties>
  <testcase name="greetingShouldReturnHelloWorld" classname="hello.HttpRequestTest" time="0.2"/>
  <testcase name="greetingShouldReturnDefaultMessage" classname="hello.HttpRequestTest" time="0.005"/>
</testsuite>